#-----------------------------------------------------------
# Vivado v2015.4 (64-bit)
# SW Build 1412921 on Wed Nov 18 09:44:32 MST 2015
# IP Build 1412160 on Tue Nov 17 13:47:24 MST 2015
# Start of session at: Wed Aug 31 23:42:06 2016
# Process ID: 14928
# Current directory: /home/kobayashi/PCIe_test/branches/IEICE/data_compression/16-way_2-tree/vivado
# Command line: vivado vivado.xpr
# Log file: /home/kobayashi/PCIe_test/branches/IEICE/data_compression/16-way_2-tree/vivado/vivado.log
# Journal file: /home/kobayashi/PCIe_test/branches/IEICE/data_compression/16-way_2-tree/vivado/vivado.jou
#-----------------------------------------------------------
start_gui
open_project vivado.xpr
Scanning sources...
Finished scanning sources
INFO: [IP_Flow 19-234] Refreshing IP repositories
INFO: [IP_Flow 19-1704] No user IP repositories specified
INFO: [IP_Flow 19-2313] Loaded Vivado IP repository '/opt/Xilinx/Vivado/2015.4/data/ip'.
open_project: Time (s): cpu = 00:00:20 ; elapsed = 00:00:24 . Memory (MB): peak = 5849.770 ; gain = 172.852 ; free physical = 13401 ; free virtual = 31264
open_run impl_1
INFO: [Netlist 29-17] Analyzing 11659 Unisim elements for replacement
INFO: [Netlist 29-28] Unisim Transformation completed in 6 CPU seconds
INFO: [Project 1-479] Netlist was created with Vivado 2015.4
INFO: [Device 21-403] Loading part xc7vx485tffg1761-2
INFO: [Project 1-570] Preparing netlist for logic optimization
Parsing XDC File [/home/kobayashi/PCIe_test/branches/IEICE/data_compression/16-way_2-tree/vivado/.Xil/Vivado-14928-fpgaserv/dcp/top_early.xdc]
INFO: [Timing 38-35] Done setting XDC timing constraints. [/home/kobayashi/PCIe_test/branches/IEICE/data_compression/16-way_2-tree/src/ip_pcie/source/PCIeGen2x8If128-PCIE_X1Y0.xdc:121]
INFO: [Timing 38-2] Deriving generated clocks [/home/kobayashi/PCIe_test/branches/IEICE/data_compression/16-way_2-tree/src/ip_pcie/source/PCIeGen2x8If128-PCIE_X1Y0.xdc:121]
create_generated_clock: Time (s): cpu = 00:00:23 ; elapsed = 00:00:15 . Memory (MB): peak = 7535.902 ; gain = 807.602 ; free physical = 11476 ; free virtual = 29678
Finished Parsing XDC File [/home/kobayashi/PCIe_test/branches/IEICE/data_compression/16-way_2-tree/vivado/.Xil/Vivado-14928-fpgaserv/dcp/top_early.xdc]
Parsing XDC File [/home/kobayashi/PCIe_test/branches/IEICE/data_compression/16-way_2-tree/vivado/.Xil/Vivado-14928-fpgaserv/dcp/top.xdc]
INFO: [Timing 38-2] Deriving generated clocks [/home/kobayashi/PCIe_test/branches/IEICE/data_compression/16-way_2-tree/src/top.xdc:165]
Finished Parsing XDC File [/home/kobayashi/PCIe_test/branches/IEICE/data_compression/16-way_2-tree/vivado/.Xil/Vivado-14928-fpgaserv/dcp/top.xdc]
Reading XDEF placement.
Reading placer database...
Reading XDEF routing.
Read XDEF File: Time (s): cpu = 00:00:11 ; elapsed = 00:00:11 . Memory (MB): peak = 7813.082 ; gain = 239.109 ; free physical = 11207 ; free virtual = 29408
Restored from archive | CPU: 11.350000 secs | Memory: 220.608871 MB |
Finished XDEF File Restore: Time (s): cpu = 00:00:11 ; elapsed = 00:00:11 . Memory (MB): peak = 7813.082 ; gain = 239.109 ; free physical = 11207 ; free virtual = 29408
INFO: [Project 1-111] Unisim Transformation Summary:
  A total of 6422 instances were transformed.
  IOBUFDS_DIFF_OUT_DCIEN => IOBUFDS_DIFF_OUT_DCIEN (IBUFDS_IBUFDISABLE_INT, IBUFDS_IBUFDISABLE_INT, OBUFTDS_DCIEN, OBUFTDS_DCIEN, INV): 8 instances
  IOBUF_DCIEN => IOBUF_DCIEN (IBUF_IBUFDISABLE, OBUFT_DCIEN): 64 instances
  OBUFDS => OBUFDS_DUAL_BUF (OBUFDS, OBUFDS, INV): 1 instances
  RAM32M => RAM32M (RAMS32, RAMS32, RAMD32, RAMD32, RAMD32, RAMD32, RAMD32, RAMD32): 6339 instances
  RAM32X1D => RAM32X1D (RAMD32, RAMD32): 1 instances
  RAM64M => RAM64M (RAMD64E, RAMD64E, RAMD64E, RAMD64E): 9 instances

open_run: Time (s): cpu = 00:01:56 ; elapsed = 00:01:29 . Memory (MB): peak = 8162.715 ; gain = 2312.945 ; free physical = 11129 ; free virtual = 29049
report_utilization -name utilization_1
report_utilization: Time (s): cpu = 00:00:15 ; elapsed = 00:00:10 . Memory (MB): peak = 8302.344 ; gain = 62.723 ; free physical = 10874 ; free virtual = 28800
report_utilization: Time (s): cpu = 00:00:15 ; elapsed = 00:00:10 . Memory (MB): peak = 8302.344 ; gain = 62.723 ; free physical = 10874 ; free virtual = 28800
exit
INFO: [Common 17-206] Exiting Vivado at Wed Aug 31 23:48:28 2016...
