#-----------------------------------------------------------
# Vivado v2015.4 (64-bit)
# SW Build 1412921 on Wed Nov 18 09:44:32 MST 2015
# IP Build 1412160 on Tue Nov 17 13:47:24 MST 2015
# Start of session at: Thu Aug 25 17:23:50 2016
# Process ID: 6549
# Current directory: /home/kobayashi/PCIe_test/branches/IEICE/16-way_2-tree/vivado
# Command line: vivado vivado.xpr
# Log file: /home/kobayashi/PCIe_test/branches/IEICE/16-way_2-tree/vivado/vivado.log
# Journal file: /home/kobayashi/PCIe_test/branches/IEICE/16-way_2-tree/vivado/vivado.jou
#-----------------------------------------------------------
start_gui
open_project vivado.xpr
Scanning sources...
Finished scanning sources
INFO: [IP_Flow 19-234] Refreshing IP repositories
INFO: [IP_Flow 19-1704] No user IP repositories specified
INFO: [IP_Flow 19-2313] Loaded Vivado IP repository '/opt/Xilinx/Vivado/2015.4/data/ip'.
open_project: Time (s): cpu = 00:00:20 ; elapsed = 00:00:29 . Memory (MB): peak = 5850.617 ; gain = 165.273 ; free physical = 10962 ; free virtual = 30712
reset_project
launch_runs impl_1
INFO: [IP_Flow 19-1686] Generating 'Synthesis' target for IP 'PCIeGen2x8If128'...
[Thu Aug 25 17:34:04 2016] Launched PCIeGen2x8If128_synth_1, synth_1...
Run output will be captured here:
PCIeGen2x8If128_synth_1: /home/kobayashi/PCIe_test/branches/IEICE/16-way_2-tree/vivado/vivado.runs/PCIeGen2x8If128_synth_1/runme.log
synth_1: /home/kobayashi/PCIe_test/branches/IEICE/16-way_2-tree/vivado/vivado.runs/synth_1/runme.log
[Thu Aug 25 17:34:04 2016] Launched impl_1...
Run output will be captured here: /home/kobayashi/PCIe_test/branches/IEICE/16-way_2-tree/vivado/vivado.runs/impl_1/runme.log
launch_runs: Time (s): cpu = 00:00:07 ; elapsed = 00:00:10 . Memory (MB): peak = 5893.465 ; gain = 40.848 ; free physical = 6409 ; free virtual = 25450
set_property strategy Performance_Explore [get_runs impl_1]
reset_run impl_1
launch_runs impl_1
[Thu Aug 25 20:07:04 2016] Launched impl_1...
Run output will be captured here: /home/kobayashi/PCIe_test/branches/IEICE/16-way_2-tree/vivado/vivado.runs/impl_1/runme.log
set_property strategy Performance_ExplorePostRoutePhysOpt [get_runs impl_1]
reset_run impl_1
launch_runs impl_1
[Thu Aug 25 20:31:36 2016] Launched impl_1...
Run output will be captured here: /home/kobayashi/PCIe_test/branches/IEICE/16-way_2-tree/vivado/vivado.runs/impl_1/runme.log
set_property strategy Flow_PerfOptimized_high [get_runs synth_1]
reset_run synth_1
launch_runs impl_1
[Thu Aug 25 20:58:42 2016] Launched synth_1...
Run output will be captured here: /home/kobayashi/PCIe_test/branches/IEICE/16-way_2-tree/vivado/vivado.runs/synth_1/runme.log
[Thu Aug 25 20:58:42 2016] Launched impl_1...
Run output will be captured here: /home/kobayashi/PCIe_test/branches/IEICE/16-way_2-tree/vivado/vivado.runs/impl_1/runme.log
launch_runs impl_1 -to_step write_bitstream
[Thu Aug 25 21:33:11 2016] Launched impl_1...
Run output will be captured here: /home/kobayashi/PCIe_test/branches/IEICE/16-way_2-tree/vivado/vivado.runs/impl_1/runme.log
open_hw
connect_hw_server
INFO: [Labtools 27-2285] Connecting to hw_server url TCP:localhost:3121
INFO: [Labtools 27-2222] Launching hw_server...
INFO: [Labtools 27-2221] Launch Output:

****** Xilinx hw_server v2015.4
  **** Build date : Nov 18 2015-09:53:32
    ** Copyright 1986-1999, 2001-2015 Xilinx, Inc. All Rights Reserved.


connect_hw_server: Time (s): cpu = 00:00:03 ; elapsed = 00:00:22 . Memory (MB): peak = 5961.637 ; gain = 18.137 ; free physical = 14135 ; free virtual = 31263
open_hw_target
INFO: [Labtoolstcl 44-466] Opening hw_target localhost:3121/xilinx_tcf/Digilent/210203341351A
open_hw_target: Time (s): cpu = 00:00:01 ; elapsed = 00:01:16 . Memory (MB): peak = 5969.637 ; gain = 8.000 ; free physical = 14132 ; free virtual = 31261
set_property PROGRAM.FILE {/home/kobayashi/PCIe_test/branches/IEICE/16-way_2-tree/vivado/vivado.runs/impl_1/top.bit} [lindex [get_hw_devices] 0]
current_hw_device [lindex [get_hw_devices] 0]
refresh_hw_device -update_hw_probes false [lindex [get_hw_devices] 0]
INFO: [Labtools 27-1434] Device xc7vx485t (JTAG device index = 0) is programmed with a design that has no supported debug core(s) in it.
WARNING: [Labtools 27-3123] The debug hub core was not detected at User Scan Chain 1 or 3.
Resolution: 
1. Make sure the clock connected to the debug hub (dbg_hub) core is a free running clock and is active OR
2. Manually launch hw_server with -e "set xsdb-user-bscan <C_USER_SCAN_CHAIN scan_chain_number>" to detect the debug hub at User Scan Chain of 2 or 4. To determine the user scan chain setting, open the implemented design and use: get_property C_USER_SCAN_CHAIN [get_debug_cores dbg_hub].
refresh_hw_device: Time (s): cpu = 00:00:00.25 ; elapsed = 00:00:08 . Memory (MB): peak = 5969.637 ; gain = 0.000 ; free physical = 14132 ; free virtual = 31261
close_hw
open_hw
connect_hw_server
INFO: [Labtools 27-2285] Connecting to hw_server url TCP:localhost:3121
open_hw_target
INFO: [Labtoolstcl 44-466] Opening hw_target localhost:3121/xilinx_tcf/Digilent/210203341351A
INFO: [Common 17-41] Interrupt caught. Command should exit soon.
open_hw_target: Time (s): cpu = 00:00:00.76 ; elapsed = 00:01:15 . Memory (MB): peak = 5985.082 ; gain = 7.008 ; free physical = 14120 ; free virtual = 31250
INFO: [Common 17-344] 'open_hw_target' was cancelled
exit
INFO: [Common 17-206] Exiting Vivado at Thu Aug 25 21:40:48 2016...
