#-----------------------------------------------------------
# Vivado v2015.4 (64-bit)
# SW Build 1412921 on Wed Nov 18 09:44:32 MST 2015
# IP Build 1412160 on Tue Nov 17 13:47:24 MST 2015
# Start of session at: Thu Aug 25 17:29:36 2016
# Process ID: 7099
# Current directory: /home/kobayashi/PCIe_test/branches/IEICE/8-way_2-tree/vivado
# Command line: vivado vivado.xpr
# Log file: /home/kobayashi/PCIe_test/branches/IEICE/8-way_2-tree/vivado/vivado.log
# Journal file: /home/kobayashi/PCIe_test/branches/IEICE/8-way_2-tree/vivado/vivado.jou
#-----------------------------------------------------------
start_gui
open_project vivado.xpr
Scanning sources...
Finished scanning sources
INFO: [IP_Flow 19-234] Refreshing IP repositories
INFO: [IP_Flow 19-1704] No user IP repositories specified
INFO: [IP_Flow 19-2313] Loaded Vivado IP repository '/opt/Xilinx/Vivado/2015.4/data/ip'.
open_project: Time (s): cpu = 00:00:21 ; elapsed = 00:01:02 . Memory (MB): peak = 5871.660 ; gain = 181.672 ; free physical = 9258 ; free virtual = 28433
reset_project
set_property strategy {Vivado Implementation Defaults} [get_runs impl_1]
launch_runs impl_1
INFO: [IP_Flow 19-1686] Generating 'Synthesis' target for IP 'PCIeGen2x8If128'...
[Thu Aug 25 17:32:15 2016] Launched PCIeGen2x8If128_synth_1, synth_1...
Run output will be captured here:
PCIeGen2x8If128_synth_1: /home/kobayashi/PCIe_test/branches/IEICE/8-way_2-tree/vivado/vivado.runs/PCIeGen2x8If128_synth_1/runme.log
synth_1: /home/kobayashi/PCIe_test/branches/IEICE/8-way_2-tree/vivado/vivado.runs/synth_1/runme.log
[Thu Aug 25 17:32:15 2016] Launched impl_1...
Run output will be captured here: /home/kobayashi/PCIe_test/branches/IEICE/8-way_2-tree/vivado/vivado.runs/impl_1/runme.log
launch_runs: Time (s): cpu = 00:00:07 ; elapsed = 00:00:10 . Memory (MB): peak = 5914.508 ; gain = 40.848 ; free physical = 9403 ; free virtual = 28412
launch_runs impl_1 -to_step write_bitstream
[Thu Aug 25 19:56:39 2016] Launched impl_1...
Run output will be captured here: /home/kobayashi/PCIe_test/branches/IEICE/8-way_2-tree/vivado/vivado.runs/impl_1/runme.log
launch_runs: Time (s): cpu = 00:00:00.21 ; elapsed = 00:00:08 . Memory (MB): peak = 5917.395 ; gain = 0.000 ; free physical = 6656 ; free virtual = 22198
exit
INFO: [Common 17-206] Exiting Vivado at Thu Aug 25 20:02:01 2016...
