#-----------------------------------------------------------
# Vivado v2015.4 (64-bit)
# SW Build 1412921 on Wed Nov 18 09:44:32 MST 2015
# IP Build 1412160 on Tue Nov 17 13:47:24 MST 2015
# Start of session at: Sun Aug 28 00:57:51 2016
# Process ID: 3453
# Current directory: /home/kobayashi/PCIe_test/branches/IEICE/4-way_2-tree/vivado
# Command line: vivado vivado.xpr
# Log file: /home/kobayashi/PCIe_test/branches/IEICE/4-way_2-tree/vivado/vivado.log
# Journal file: /home/kobayashi/PCIe_test/branches/IEICE/4-way_2-tree/vivado/vivado.jou
#-----------------------------------------------------------
start_gui
open_project vivado.xpr
Scanning sources...
Finished scanning sources
INFO: [IP_Flow 19-234] Refreshing IP repositories
INFO: [IP_Flow 19-1704] No user IP repositories specified
INFO: [IP_Flow 19-2313] Loaded Vivado IP repository '/opt/Xilinx/Vivado/2015.4/data/ip'.
open_project: Time (s): cpu = 00:00:23 ; elapsed = 00:00:27 . Memory (MB): peak = 5869.492 ; gain = 188.078 ; free physical = 10799 ; free virtual = 31325
exit
INFO: [Common 17-206] Exiting Vivado at Sun Aug 28 00:59:09 2016...
